<?xml version="1.0" encoding="UTF-8"?>
<!-- Generated by org.testng.reporters.JUnitReportReporter -->
<testsuite hostname="DESKTOP-HHO6U5A" failures="0" tests="2" name="fcm.qa.testcases.ContactsPageTest" time="22.958" errors="0" timestamp="2024-06-29T02:15:29 GMT-06:00" skipped="0">
  <testcase classname="fcm.qa.testcases.ContactsPageTest" name="validatePageTitleTest" time="10.074"/>
  <testcase classname="fcm.qa.testcases.ContactsPageTest" name="createContactTest" time="12.884"/>
</testsuite> <!-- fcm.qa.testcases.ContactsPageTest -->
