<?xml version="1.0" encoding="UTF-8"?>
<!-- Generated by org.testng.reporters.JUnitReportReporter -->
<testsuite hostname="DESKTOP-HHO6U5A" failures="0" tests="3" name="fcm.qa.testcases.CalenderPageTest" time="37.162" errors="0" timestamp="2024-06-29T02:15:29 GMT-06:00" skipped="0">
  <testcase classname="fcm.qa.testcases.CalenderPageTest" name="validatePageTitleTest" time="10.039"/>
  <testcase classname="fcm.qa.testcases.CalenderPageTest" name="bookMeetingTest" time="12.768"/>
  <testcase classname="fcm.qa.testcases.CalenderPageTest" name="validatebookedMeetingTest" time="14.355"/>
</testsuite> <!-- fcm.qa.testcases.CalenderPageTest -->
