<?xml version="1.0" encoding="UTF-8"?>
<!-- Generated by org.testng.reporters.JUnitReportReporter -->
<testsuite hostname="DESKTOP-HHO6U5A" failures="0" tests="2" name="fcm.qa.testcases.DiscussPageTest" time="17.780" errors="0" timestamp="2024-06-29T02:15:29 GMT-06:00" skipped="0">
  <testcase classname="fcm.qa.testcases.DiscussPageTest" name="validatePageTitleTest" time="8.119"/>
  <testcase classname="fcm.qa.testcases.DiscussPageTest" name="sendMessageTest" time="9.661"/>
</testsuite> <!-- fcm.qa.testcases.DiscussPageTest -->
