<?xml version="1.0" encoding="UTF-8"?>
<!-- Generated by org.testng.reporters.JUnitReportReporter -->
<testsuite hostname="DESKTOP-HHO6U5A" failures="0" tests="2" name="fcm.qa.testcases.LoginPageTest" time="25.207" errors="0" timestamp="2024-06-30T03:00:46 GMT-06:00" skipped="0">
  <testcase classname="fcm.qa.testcases.LoginPageTest" name="loginTest" time="5.843"/>
  <testcase classname="fcm.qa.testcases.LoginPageTest" name="forgetPassLinkTest" time="19.364"/>
</testsuite> <!-- fcm.qa.testcases.LoginPageTest -->
